Copyright 1986-2022 Xilinx, Inc. All Rights Reserved.
------------------------------------------------------------------------------------
| Tool Version : Vivado v.2022.2 (win64) Build 3671981 Fri Oct 14 05:00:03 MDT 2022
| Date         : Thu Apr 27 14:30:50 2023
| Host         : DESKTOP-2KM0T8N running 64-bit major release  (build 9200)
| Command      : upgrade_ip
| Device       : xc7z020clg400-1
------------------------------------------------------------------------------------

Upgrade Log for IP 'dma_master_vivado_dma_master_test_0_0'

1. Summary
----------

SUCCESS in the upgrade of dma_master_vivado_dma_master_test_0_0 (xilinx.com:hls:dma_master_test:1.0) from (Rev. 2112982827) to (Rev. 2113005808)






Copyright 1986-2022 Xilinx, Inc. All Rights Reserved.
------------------------------------------------------------------------------------
| Tool Version : Vivado v.2022.2 (win64) Build 3671981 Fri Oct 14 05:00:03 MDT 2022
| Date         : Tue Apr 11 15:32:11 2023
| Host         : DESKTOP-2KM0T8N running 64-bit major release  (build 9200)
| Command      : upgrade_ip
| Device       : xc7z020clg400-1
------------------------------------------------------------------------------------

Upgrade Log for IP 'dma_master_vivado_dma_master_test_0_0'

1. Summary
----------

SUCCESS in the upgrade of dma_master_vivado_dma_master_test_0_0 (xilinx.com:hls:dma_master_test:1.0) from (Rev. 2112982801) to (Rev. 2112982827)






Copyright 1986-2022 Xilinx, Inc. All Rights Reserved.
------------------------------------------------------------------------------------
| Tool Version : Vivado v.2022.2 (win64) Build 3671981 Fri Oct 14 05:00:03 MDT 2022
| Date         : Tue Apr 11 15:02:23 2023
| Host         : DESKTOP-2KM0T8N running 64-bit major release  (build 9200)
| Command      : upgrade_ip
| Device       : xc7z020clg400-1
------------------------------------------------------------------------------------

Upgrade Log for IP 'dma_master_vivado_dma_master_test_0_0'

1. Summary
----------

SUCCESS in the upgrade of dma_master_vivado_dma_master_test_0_0 (xilinx.com:hls:dma_master_test:1.0) from (Rev. 2112982656) to (Rev. 2112982801)






Copyright 1986-2022 Xilinx, Inc. All Rights Reserved.
------------------------------------------------------------------------------------
| Tool Version : Vivado v.2022.2 (win64) Build 3671981 Fri Oct 14 05:00:03 MDT 2022
| Date         : Tue Apr 11 12:37:52 2023
| Host         : DESKTOP-2KM0T8N running 64-bit major release  (build 9200)
| Command      : upgrade_ip
| Device       : xc7z020clg400-1
------------------------------------------------------------------------------------

Upgrade Log for IP 'dma_master_vivado_dma_master_test_0_0'

1. Summary
----------

SUCCESS in the upgrade of dma_master_vivado_dma_master_test_0_0 (xilinx.com:hls:dma_master_test:1.0) from (Rev. 2112982549) to (Rev. 2112982656)






Copyright 1986-2022 Xilinx, Inc. All Rights Reserved.
------------------------------------------------------------------------------------
| Tool Version : Vivado v.2022.2 (win64) Build 3671981 Fri Oct 14 05:00:03 MDT 2022
| Date         : Tue Apr 11 10:54:57 2023
| Host         : DESKTOP-2KM0T8N running 64-bit major release  (build 9200)
| Command      : upgrade_ip
| Device       : xc7z020clg400-1
------------------------------------------------------------------------------------

Upgrade Log for IP 'dma_master_vivado_dma_master_test_0_0'

1. Summary
----------

SUCCESS in the upgrade of dma_master_vivado_dma_master_test_0_0 (xilinx.com:hls:dma_master_test:1.0) from (Rev. 2112982523) to (Rev. 2112982549)






Copyright 1986-2022 Xilinx, Inc. All Rights Reserved.
------------------------------------------------------------------------------------
| Tool Version : Vivado v.2022.2 (win64) Build 3671981 Fri Oct 14 05:00:03 MDT 2022
| Date         : Tue Apr 11 10:26:01 2023
| Host         : DESKTOP-2KM0T8N running 64-bit major release  (build 9200)
| Command      : upgrade_ip
| Device       : xc7z020clg400-1
------------------------------------------------------------------------------------

Upgrade Log for IP 'dma_master_vivado_dma_master_test_0_0'

1. Summary
----------

CAUTION (success, with warnings) in the upgrade of dma_master_vivado_dma_master_test_0_0 (xilinx.com:hls:dma_master_test:1.0) from (Rev. 2112982499) to (Rev. 2112982523)

After upgrade, an IP may have parameter and port differences compared to the original customization. Please review the parameters within the IP customization GUI to ensure proper functionality. Also, please review the updated IP instantiation template to ensure proper connectivity, and update your design if required.

2. Connection Warnings
----------------------

Detected external port differences while upgrading 'dma_master_vivado_dma_master_test_0_0'. These changes may impact your design.


-Upgraded port 's_axi_control_ARADDR' width 6 differs from original width 5

-Upgraded port 's_axi_control_AWADDR' width 6 differs from original width 5







Copyright 1986-2022 Xilinx, Inc. All Rights Reserved.
------------------------------------------------------------------------------------
| Tool Version : Vivado v.2022.2 (win64) Build 3671981 Fri Oct 14 05:00:03 MDT 2022
| Date         : Tue Apr 11 10:00:33 2023
| Host         : DESKTOP-2KM0T8N running 64-bit major release  (build 9200)
| Command      : upgrade_ip
| Device       : xc7z020clg400-1
------------------------------------------------------------------------------------

Upgrade Log for IP 'dma_master_vivado_dma_master_test_0_0'

1. Summary
----------

SUCCESS in the upgrade of dma_master_vivado_dma_master_test_0_0 (xilinx.com:hls:dma_master_test:1.0) from (Rev. 2112982494) to (Rev. 2112982499)






Copyright 1986-2022 Xilinx, Inc. All Rights Reserved.
------------------------------------------------------------------------------------
| Tool Version : Vivado v.2022.2 (win64) Build 3671981 Fri Oct 14 05:00:03 MDT 2022
| Date         : Tue Apr 11 09:55:54 2023
| Host         : DESKTOP-2KM0T8N running 64-bit major release  (build 9200)
| Command      : upgrade_ip
| Device       : xc7z020clg400-1
------------------------------------------------------------------------------------

Upgrade Log for IP 'dma_master_vivado_dma_master_test_0_0'

1. Summary
----------

CAUTION (success, with warnings) in the upgrade of dma_master_vivado_dma_master_test_0_0 (xilinx.com:hls:dma_master_test:1.0) from (Rev. 2112981146) to (Rev. 2112982494)

After upgrade, an IP may have parameter and port differences compared to the original customization. Please review the parameters within the IP customization GUI to ensure proper functionality. Also, please review the updated IP instantiation template to ensure proper connectivity, and update your design if required.

2. Connection Warnings
----------------------

Detected external port differences while upgrading 'dma_master_vivado_dma_master_test_0_0'. These changes may impact your design.


-Upgraded port 's_axi_control_ARADDR' width 5 differs from original width 6

-Upgraded port 's_axi_control_AWADDR' width 5 differs from original width 6







Copyright 1986-2022 Xilinx, Inc. All Rights Reserved.
------------------------------------------------------------------------------------
| Tool Version : Vivado v.2022.2 (win64) Build 3671981 Fri Oct 14 05:00:03 MDT 2022
| Date         : Mon Apr 10 11:28:07 2023
| Host         : DESKTOP-2KM0T8N running 64-bit major release  (build 9200)
| Command      : upgrade_ip
| Device       : xc7z020clg400-1
------------------------------------------------------------------------------------

Upgrade Log for IP 'dma_master_vivado_dma_master_test_0_0'

1. Summary
----------

SUCCESS in the upgrade of dma_master_vivado_dma_master_test_0_0 (xilinx.com:hls:dma_master_test:1.0) from (Rev. 2112980100) to (Rev. 2112981146)






Copyright 1986-2022 Xilinx, Inc. All Rights Reserved.
------------------------------------------------------------------------------------
| Tool Version : Vivado v.2022.2 (win64) Build 3671981 Fri Oct 14 05:00:03 MDT 2022
| Date         : Sun Apr  9 18:01:40 2023
| Host         : DESKTOP-2KM0T8N running 64-bit major release  (build 9200)
| Command      : upgrade_ip
| Device       : xc7z020clg400-1
------------------------------------------------------------------------------------

Upgrade Log for IP 'dma_master_vivado_dma_master_test_0_0'

1. Summary
----------

SUCCESS in the upgrade of dma_master_vivado_dma_master_test_0_0 (xilinx.com:hls:dma_master_test:1.0) from (Rev. 2112980028) to (Rev. 2112980100)






Copyright 1986-2022 Xilinx, Inc. All Rights Reserved.
------------------------------------------------------------------------------------
| Tool Version : Vivado v.2022.2 (win64) Build 3671981 Fri Oct 14 05:00:03 MDT 2022
| Date         : Sun Apr  9 16:49:50 2023
| Host         : DESKTOP-2KM0T8N running 64-bit major release  (build 9200)
| Command      : upgrade_ip
| Device       : xc7z020clg400-1
------------------------------------------------------------------------------------

Upgrade Log for IP 'dma_master_vivado_dma_master_test_0_0'

1. Summary
----------

SUCCESS in the upgrade of dma_master_vivado_dma_master_test_0_0 (xilinx.com:hls:dma_master_test:1.0) from (Rev. 2112978651) to (Rev. 2112980028)






Copyright 1986-2022 Xilinx, Inc. All Rights Reserved.
------------------------------------------------------------------------------------
| Tool Version : Vivado v.2022.2 (win64) Build 3671981 Fri Oct 14 05:00:03 MDT 2022
| Date         : Sat Apr  8 17:52:39 2023
| Host         : DESKTOP-2KM0T8N running 64-bit major release  (build 9200)
| Command      : upgrade_ip
| Device       : xc7z020clg400-1
------------------------------------------------------------------------------------

Upgrade Log for IP 'dma_master_vivado_dma_master_test_0_0'

1. Summary
----------

SUCCESS in the upgrade of dma_master_vivado_dma_master_test_0_0 (xilinx.com:hls:dma_master_test:1.0) from (Rev. 2112978630) to (Rev. 2112978651)






Copyright 1986-2022 Xilinx, Inc. All Rights Reserved.
------------------------------------------------------------------------------------
| Tool Version : Vivado v.2022.2 (win64) Build 3671981 Fri Oct 14 05:00:03 MDT 2022
| Date         : Sat Apr  8 17:31:35 2023
| Host         : DESKTOP-2KM0T8N running 64-bit major release  (build 9200)
| Command      : upgrade_ip
| Device       : xc7z020clg400-1
------------------------------------------------------------------------------------

Upgrade Log for IP 'dma_master_vivado_dma_master_test_0_0'

1. Summary
----------

SUCCESS in the upgrade of dma_master_vivado_dma_master_test_0_0 (xilinx.com:hls:dma_master_test:1.0) from (Rev. 2112978616) to (Rev. 2112978630)






Copyright 1986-2022 Xilinx, Inc. All Rights Reserved.
------------------------------------------------------------------------------------
| Tool Version : Vivado v.2022.2 (win64) Build 3671981 Fri Oct 14 05:00:03 MDT 2022
| Date         : Sat Apr  8 17:17:33 2023
| Host         : DESKTOP-2KM0T8N running 64-bit major release  (build 9200)
| Command      : upgrade_ip
| Device       : xc7z020clg400-1
------------------------------------------------------------------------------------

Upgrade Log for IP 'dma_master_vivado_dma_master_test_0_0'

1. Summary
----------

SUCCESS in the upgrade of dma_master_vivado_dma_master_test_0_0 (xilinx.com:hls:dma_master_test:1.0) from (Rev. 2112978606) to (Rev. 2112978616)






Copyright 1986-2022 Xilinx, Inc. All Rights Reserved.
------------------------------------------------------------------------------------
| Tool Version : Vivado v.2022.2 (win64) Build 3671981 Fri Oct 14 05:00:03 MDT 2022
| Date         : Sat Apr  8 17:06:40 2023
| Host         : DESKTOP-2KM0T8N running 64-bit major release  (build 9200)
| Command      : upgrade_ip
| Device       : xc7z020clg400-1
------------------------------------------------------------------------------------

Upgrade Log for IP 'dma_master_vivado_dma_master_test_0_0'

1. Summary
----------

SUCCESS in the upgrade of dma_master_vivado_dma_master_test_0_0 (xilinx.com:hls:dma_master_test:1.0) from (Rev. 2112978593) to (Rev. 2112978606)






Copyright 1986-2022 Xilinx, Inc. All Rights Reserved.
------------------------------------------------------------------------------------
| Tool Version : Vivado v.2022.2 (win64) Build 3671981 Fri Oct 14 05:00:03 MDT 2022
| Date         : Sat Apr  8 16:55:28 2023
| Host         : DESKTOP-2KM0T8N running 64-bit major release  (build 9200)
| Command      : upgrade_ip
| Device       : xc7z020clg400-1
------------------------------------------------------------------------------------

Upgrade Log for IP 'dma_master_vivado_dma_master_test_0_0'

1. Summary
----------

CAUTION (success, with warnings) in the upgrade of dma_master_vivado_dma_master_test_0_0 (xilinx.com:hls:dma_master_test:1.0) from (Rev. 2112978574) to (Rev. 2112978593)

After upgrade, an IP may have parameter and port differences compared to the original customization. Please review the parameters within the IP customization GUI to ensure proper functionality. Also, please review the updated IP instantiation template to ensure proper connectivity, and update your design if required.

2. Interface Information
------------------------

Detected external interface differences while upgrading 'dma_master_vivado_dma_master_test_0_0'.


-Upgrade has removed interface 'ap_ctrl'


3. Connection Warnings
----------------------

Detected external port differences while upgrading 'dma_master_vivado_dma_master_test_0_0'. These changes may impact your design.


-Upgraded port 's_axi_control_ARADDR' width 6 differs from original width 5

-Upgraded port 's_axi_control_AWADDR' width 6 differs from original width 5

-Upgrade has removed port 'ap_done'

-Upgrade has removed port 'ap_idle'

-Upgrade has removed port 'ap_ready'

-Upgrade has removed port 'ap_start'

-Upgrade has added port 'interrupt'







Copyright 1986-2022 Xilinx, Inc. All Rights Reserved.
------------------------------------------------------------------------------------
| Tool Version : Vivado v.2022.2 (win64) Build 3671981 Fri Oct 14 05:00:03 MDT 2022
| Date         : Sat Apr  8 16:35:56 2023
| Host         : DESKTOP-2KM0T8N running 64-bit major release  (build 9200)
| Command      : upgrade_ip
| Device       : xc7z020clg400-1
------------------------------------------------------------------------------------

Upgrade Log for IP 'dma_master_vivado_dma_master_test_0_0'

1. Summary
----------

CAUTION (success, with warnings) in the upgrade of dma_master_vivado_dma_master_test_0_0 (xilinx.com:hls:dma_master_test:1.0) from (Rev. 2112978558) to (Rev. 2112978574)

After upgrade, an IP may have parameter and port differences compared to the original customization. Please review the parameters within the IP customization GUI to ensure proper functionality. Also, please review the updated IP instantiation template to ensure proper connectivity, and update your design if required.

2. Interface Information
------------------------

Detected external interface differences while upgrading 'dma_master_vivado_dma_master_test_0_0'.


-Upgrade has added interface 'ap_ctrl' (xilinx.com:interface:acc_handshake:1.0)


3. Connection Warnings
----------------------

Detected external port differences while upgrading 'dma_master_vivado_dma_master_test_0_0'. These changes may impact your design.


-Upgraded port 's_axi_control_ARADDR' width 5 differs from original width 6

-Upgraded port 's_axi_control_AWADDR' width 5 differs from original width 6

-Upgrade has removed port 'interrupt'

-Upgrade has added port 'ap_done'

-Upgrade has added port 'ap_idle'

-Upgrade has added port 'ap_ready'

-Upgrade has added port 'ap_start'







Copyright 1986-2022 Xilinx, Inc. All Rights Reserved.
------------------------------------------------------------------------------------
| Tool Version : Vivado v.2022.2 (win64) Build 3671981 Fri Oct 14 05:00:03 MDT 2022
| Date         : Sat Apr  8 16:19:53 2023
| Host         : DESKTOP-2KM0T8N running 64-bit major release  (build 9200)
| Command      : upgrade_ip
| Device       : xc7z020clg400-1
------------------------------------------------------------------------------------

Upgrade Log for IP 'dma_master_vivado_dma_master_test_0_0'

1. Summary
----------

SUCCESS in the upgrade of dma_master_vivado_dma_master_test_0_0 (xilinx.com:hls:dma_master_test:1.0) from (Rev. 2112978541) to (Rev. 2112978558)






Copyright 1986-2022 Xilinx, Inc. All Rights Reserved.
------------------------------------------------------------------------------------
| Tool Version : Vivado v.2022.2 (win64) Build 3671981 Fri Oct 14 05:00:03 MDT 2022
| Date         : Sat Apr  8 16:02:11 2023
| Host         : DESKTOP-2KM0T8N running 64-bit major release  (build 9200)
| Command      : upgrade_ip
| Device       : xc7z020clg400-1
------------------------------------------------------------------------------------

Upgrade Log for IP 'dma_master_vivado_dma_master_test_0_0'

1. Summary
----------

SUCCESS in the upgrade of dma_master_vivado_dma_master_test_0_0 (xilinx.com:hls:dma_master_test:1.0) from (Rev. 2112978504) to (Rev. 2112978541)






Copyright 1986-2022 Xilinx, Inc. All Rights Reserved.
------------------------------------------------------------------------------------
| Tool Version : Vivado v.2022.2 (win64) Build 3671981 Fri Oct 14 05:00:03 MDT 2022
| Date         : Sat Apr  8 15:25:10 2023
| Host         : DESKTOP-2KM0T8N running 64-bit major release  (build 9200)
| Command      : upgrade_ip
| Device       : xc7z020clg400-1
------------------------------------------------------------------------------------

Upgrade Log for IP 'dma_master_vivado_dma_master_test_0_0'

1. Summary
----------

SUCCESS in the upgrade of dma_master_vivado_dma_master_test_0_0 (xilinx.com:hls:dma_master_test:1.0) from (Rev. 2112978469) to (Rev. 2112978504)






Copyright 1986-2022 Xilinx, Inc. All Rights Reserved.
------------------------------------------------------------------------------------
| Tool Version : Vivado v.2022.2 (win64) Build 3671981 Fri Oct 14 05:00:03 MDT 2022
| Date         : Sat Apr  8 14:51:11 2023
| Host         : DESKTOP-2KM0T8N running 64-bit major release  (build 9200)
| Command      : upgrade_ip
| Device       : xc7z020clg400-1
------------------------------------------------------------------------------------

Upgrade Log for IP 'dma_master_vivado_dma_master_test_0_0'

1. Summary
----------

SUCCESS in the upgrade of dma_master_vivado_dma_master_test_0_0 (xilinx.com:hls:dma_master_test:1.0) from (Rev. 2112978433) to (Rev. 2112978469)






Copyright 1986-2022 Xilinx, Inc. All Rights Reserved.
------------------------------------------------------------------------------------
| Tool Version : Vivado v.2022.2 (win64) Build 3671981 Fri Oct 14 05:00:03 MDT 2022
| Date         : Sat Apr  8 14:15:11 2023
| Host         : DESKTOP-2KM0T8N running 64-bit major release  (build 9200)
| Command      : upgrade_ip
| Device       : xc7z020clg400-1
------------------------------------------------------------------------------------

Upgrade Log for IP 'dma_master_vivado_dma_master_test_0_0'

1. Summary
----------

SUCCESS in the upgrade of dma_master_vivado_dma_master_test_0_0 (xilinx.com:hls:dma_master_test:1.0) from (Rev. 2112978358) to (Rev. 2112978433)






Copyright 1986-2022 Xilinx, Inc. All Rights Reserved.
------------------------------------------------------------------------------------
| Tool Version : Vivado v.2022.2 (win64) Build 3671981 Fri Oct 14 05:00:03 MDT 2022
| Date         : Sat Apr  8 13:01:00 2023
| Host         : DESKTOP-2KM0T8N running 64-bit major release  (build 9200)
| Command      : upgrade_ip
| Device       : xc7z020clg400-1
------------------------------------------------------------------------------------

Upgrade Log for IP 'dma_master_vivado_dma_master_test_0_0'

1. Summary
----------

SUCCESS in the upgrade of dma_master_vivado_dma_master_test_0_0 (xilinx.com:hls:dma_master_test:1.0) from (Rev. 2112978325) to (Rev. 2112978358)






Copyright 1986-2022 Xilinx, Inc. All Rights Reserved.
------------------------------------------------------------------------------------
| Tool Version : Vivado v.2022.2 (win64) Build 3671981 Fri Oct 14 05:00:03 MDT 2022
| Date         : Sat Apr  8 12:27:11 2023
| Host         : DESKTOP-2KM0T8N running 64-bit major release  (build 9200)
| Command      : upgrade_ip
| Device       : xc7z020clg400-1
------------------------------------------------------------------------------------

Upgrade Log for IP 'dma_master_vivado_dma_master_test_0_0'

1. Summary
----------

SUCCESS in the upgrade of dma_master_vivado_dma_master_test_0_0 (xilinx.com:hls:dma_master_test:1.0) from (Rev. 2112978292) to (Rev. 2112978325)






Copyright 1986-2022 Xilinx, Inc. All Rights Reserved.
------------------------------------------------------------------------------------
| Tool Version : Vivado v.2022.2 (win64) Build 3671981 Fri Oct 14 05:00:03 MDT 2022
| Date         : Sat Apr  8 11:54:02 2023
| Host         : DESKTOP-2KM0T8N running 64-bit major release  (build 9200)
| Command      : upgrade_ip
| Device       : xc7z020clg400-1
------------------------------------------------------------------------------------

Upgrade Log for IP 'dma_master_vivado_dma_master_test_0_0'

1. Summary
----------

SUCCESS in the upgrade of dma_master_vivado_dma_master_test_0_0 (xilinx.com:hls:dma_master_test:1.0) from (Rev. 2112978250) to (Rev. 2112978292)






Copyright 1986-2022 Xilinx, Inc. All Rights Reserved.
------------------------------------------------------------------------------------
| Tool Version : Vivado v.2022.2 (win64) Build 3671981 Fri Oct 14 05:00:03 MDT 2022
| Date         : Sat Apr  8 11:12:32 2023
| Host         : DESKTOP-2KM0T8N running 64-bit major release  (build 9200)
| Command      : upgrade_ip
| Device       : xc7z020clg400-1
------------------------------------------------------------------------------------

Upgrade Log for IP 'dma_master_vivado_dma_master_test_0_0'

1. Summary
----------

SUCCESS in the upgrade of dma_master_vivado_dma_master_test_0_0 (xilinx.com:hls:dma_master_test:1.0) from (Rev. 2112978176) to (Rev. 2112978250)






Copyright 1986-2022 Xilinx, Inc. All Rights Reserved.
------------------------------------------------------------------------------------
| Tool Version : Vivado v.2022.2 (win64) Build 3671981 Fri Oct 14 05:00:03 MDT 2022
| Date         : Sat Apr  8 09:57:38 2023
| Host         : DESKTOP-2KM0T8N running 64-bit major release  (build 9200)
| Command      : upgrade_ip
| Device       : xc7z020clg400-1
------------------------------------------------------------------------------------

Upgrade Log for IP 'dma_master_vivado_dma_master_test_0_0'

1. Summary
----------

SUCCESS in the upgrade of dma_master_vivado_dma_master_test_0_0 (xilinx.com:hls:dma_master_test:1.0) from (Rev. 2112977249) to (Rev. 2112978176)






Copyright 1986-2022 Xilinx, Inc. All Rights Reserved.
------------------------------------------------------------------------------------
| Tool Version : Vivado v.2022.2 (win64) Build 3671981 Fri Oct 14 05:00:03 MDT 2022
| Date         : Fri Apr  7 18:30:28 2023
| Host         : DESKTOP-2KM0T8N running 64-bit major release  (build 9200)
| Command      : upgrade_ip
| Device       : xc7z020clg400-1
------------------------------------------------------------------------------------

Upgrade Log for IP 'dma_master_vivado_dma_master_test_0_0'

1. Summary
----------

SUCCESS in the upgrade of dma_master_vivado_dma_master_test_0_0 (xilinx.com:hls:dma_master_test:1.0) from (Rev. 2112977209) to (Rev. 2112977249)






Copyright 1986-2022 Xilinx, Inc. All Rights Reserved.
------------------------------------------------------------------------------------
| Tool Version : Vivado v.2022.2 (win64) Build 3671981 Fri Oct 14 05:00:03 MDT 2022
| Date         : Fri Apr  7 17:50:44 2023
| Host         : DESKTOP-2KM0T8N running 64-bit major release  (build 9200)
| Command      : upgrade_ip
| Device       : xc7z020clg400-1
------------------------------------------------------------------------------------

Upgrade Log for IP 'dma_master_vivado_dma_master_test_0_0'

1. Summary
----------

SUCCESS in the upgrade of dma_master_vivado_dma_master_test_0_0 (xilinx.com:hls:dma_master_test:1.0) from (Rev. 2112977143) to (Rev. 2112977209)






Copyright 1986-2022 Xilinx, Inc. All Rights Reserved.
------------------------------------------------------------------------------------
| Tool Version : Vivado v.2022.2 (win64) Build 3671981 Fri Oct 14 05:00:03 MDT 2022
| Date         : Fri Apr  7 16:44:54 2023
| Host         : DESKTOP-2KM0T8N running 64-bit major release  (build 9200)
| Command      : upgrade_ip
| Device       : xc7z020clg400-1
------------------------------------------------------------------------------------

Upgrade Log for IP 'dma_master_vivado_dma_master_test_0_0'

1. Summary
----------

SUCCESS in the upgrade of dma_master_vivado_dma_master_test_0_0 (xilinx.com:hls:dma_master_test:1.0) from (Rev. 2112976883) to (Rev. 2112977143)






Copyright 1986-2022 Xilinx, Inc. All Rights Reserved.
------------------------------------------------------------------------------------
| Tool Version : Vivado v.2022.2 (win64) Build 3671981 Fri Oct 14 05:00:03 MDT 2022
| Date         : Fri Apr  7 12:24:33 2023
| Host         : DESKTOP-2KM0T8N running 64-bit major release  (build 9200)
| Command      : upgrade_ip
| Device       : xc7z020clg400-1
------------------------------------------------------------------------------------

Upgrade Log for IP 'dma_master_vivado_dma_master_test_0_0'

1. Summary
----------

SUCCESS in the upgrade of dma_master_vivado_dma_master_test_0_0 (xilinx.com:hls:dma_master_test:1.0) from (Rev. 2112976762) to (Rev. 2112976883)






Copyright 1986-2022 Xilinx, Inc. All Rights Reserved.
------------------------------------------------------------------------------------
| Tool Version : Vivado v.2022.2 (win64) Build 3671981 Fri Oct 14 05:00:03 MDT 2022
| Date         : Fri Apr  7 10:24:39 2023
| Host         : DESKTOP-2KM0T8N running 64-bit major release  (build 9200)
| Command      : upgrade_ip
| Device       : xc7z020clg400-1
------------------------------------------------------------------------------------

Upgrade Log for IP 'dma_master_vivado_dma_master_test_0_0'

1. Summary
----------

SUCCESS in the upgrade of dma_master_vivado_dma_master_test_0_0 (xilinx.com:hls:dma_master_test:1.0) from (Rev. 2112976720) to (Rev. 2112976762)






Copyright 1986-2022 Xilinx, Inc. All Rights Reserved.
------------------------------------------------------------------------------------
| Tool Version : Vivado v.2022.2 (win64) Build 3671981 Fri Oct 14 05:00:03 MDT 2022
| Date         : Fri Apr  7 09:44:31 2023
| Host         : DESKTOP-2KM0T8N running 64-bit major release  (build 9200)
| Command      : upgrade_ip
| Device       : xc7z020clg400-1
------------------------------------------------------------------------------------

Upgrade Log for IP 'dma_master_vivado_dma_master_test_0_0'

1. Summary
----------

SUCCESS in the upgrade of dma_master_vivado_dma_master_test_0_0 (xilinx.com:hls:dma_master_test:1.0) from (Rev. 2112975843) to (Rev. 2112976720)






Copyright 1986-2022 Xilinx, Inc. All Rights Reserved.
------------------------------------------------------------------------------------
| Tool Version : Vivado v.2022.2 (win64) Build 3671981 Fri Oct 14 05:00:03 MDT 2022
| Date         : Thu Apr  6 19:05:09 2023
| Host         : DESKTOP-2KM0T8N running 64-bit major release  (build 9200)
| Command      : upgrade_ip
| Device       : xc7z020clg400-1
------------------------------------------------------------------------------------

Upgrade Log for IP 'dma_master_vivado_dma_master_test_0_0'

1. Summary
----------

SUCCESS in the upgrade of dma_master_vivado_dma_master_test_0_0 (xilinx.com:hls:dma_master_test:1.0) from (Rev. 2112975691) to (Rev. 2112975843)






Copyright 1986-2022 Xilinx, Inc. All Rights Reserved.
------------------------------------------------------------------------------------
| Tool Version : Vivado v.2022.2 (win64) Build 3671981 Fri Oct 14 05:00:03 MDT 2022
| Date         : Thu Apr  6 16:31:58 2023
| Host         : DESKTOP-2KM0T8N running 64-bit major release  (build 9200)
| Command      : upgrade_ip
| Device       : xc7z020clg400-1
------------------------------------------------------------------------------------

Upgrade Log for IP 'dma_master_vivado_dma_master_test_0_0'

1. Summary
----------

SUCCESS in the upgrade of dma_master_vivado_dma_master_test_0_0 (xilinx.com:hls:dma_master_test:1.0) from (Rev. 2112975629) to (Rev. 2112975691)






Copyright 1986-2022 Xilinx, Inc. All Rights Reserved.
------------------------------------------------------------------------------------
| Tool Version : Vivado v.2022.2 (win64) Build 3671981 Fri Oct 14 05:00:03 MDT 2022
| Date         : Thu Apr  6 15:33:09 2023
| Host         : DESKTOP-2KM0T8N running 64-bit major release  (build 9200)
| Command      : upgrade_ip
| Device       : xc7z020clg400-1
------------------------------------------------------------------------------------

Upgrade Log for IP 'dma_master_vivado_dma_master_test_0_0'

1. Summary
----------

SUCCESS in the upgrade of dma_master_vivado_dma_master_test_0_0 (xilinx.com:hls:dma_master_test:1.0) from (Rev. 2112975564) to (Rev. 2112975629)

